2018-11-06 15:21:49,122 - INFO - Запуск клиентской программы 
2018-11-06 15:21:49,122 - INFO - Запрос клиента на подключение к серверу и авторизацию 
2018-11-06 15:21:49,138 - INFO - Получение ответа сервера с разрешением или запретом подключения 
2018-11-06 15:21:49,138 - INFO - Посылка клиентом сервисного сообщения о присутствии 
2018-11-06 15:21:49,138 - INFO - Клиентская программа закрыта 
2018-11-06 15:44:56,921 - INFO - Запуск клиентской программы 
2018-11-06 15:44:56,921 - INFO - Запрос клиента на подключение к серверу и авторизацию 
2018-11-06 15:44:56,921 - INFO - Получение ответа сервера с разрешением или запретом подключения 
2018-11-06 15:44:56,921 - INFO - Посылка клиентом сервисного сообщения о присутствии 
2018-11-06 15:44:56,921 - INFO - Клиентская программа закрыта 
2018-11-06 15:46:11,614 - INFO - Запуск клиентской программы 
2018-11-06 15:46:11,614 - INFO - Запрос клиента на подключение к серверу и авторизацию 
2018-11-06 15:46:11,614 - INFO - Получение ответа сервера с разрешением или запретом подключения 
2018-11-06 15:46:11,614 - INFO - Посылка клиентом сервисного сообщения о присутствии 
2018-11-06 15:46:11,614 - INFO - Клиентская программа закрыта 
2018-11-06 15:49:25,349 - INFO - Запуск клиентской программы 
2018-11-06 15:49:25,349 - INFO - Запрос клиента на подключение к серверу и авторизацию 
2018-11-06 15:49:25,349 - INFO - Получение ответа сервера с разрешением или запретом подключения 
2018-11-06 15:49:25,349 - INFO - Посылка клиентом сервисного сообщения о присутствии 
2018-11-06 15:49:25,349 - INFO - Клиентская программа закрыта 
2018-11-06 15:50:18,623 - INFO - Запуск клиентской программы 
2018-11-06 15:50:18,623 - INFO - Запрос клиента на подключение к серверу и авторизацию 
2018-11-06 15:50:18,623 - INFO - Получение ответа сервера с разрешением или запретом подключения 
2018-11-06 15:50:18,623 - INFO - Посылка клиентом сервисного сообщения о присутствии 
2018-11-06 15:50:18,623 - INFO - Клиентская программа закрыта 
2018-11-06 15:52:40,568 - INFO - Запуск клиентской программы 
2018-11-06 15:52:40,568 - INFO - Запрос клиента на подключение к серверу и авторизацию 
2018-11-06 15:52:40,568 - INFO - Получение ответа сервера с разрешением или запретом подключения 
2018-11-06 15:52:40,568 - INFO - Посылка клиентом сервисного сообщения о присутствии 
2018-11-06 15:52:40,568 - INFO - Клиентская программа закрыта 
