2018-11-06 15:21:45,860 - INFO - Запуск сервера 
2018-11-06 15:21:49,122 - INFO - Получено сообщение от клиента 
2018-11-06 15:21:49,122 - INFO - Проверка авторизации, соединение разрешено 
2018-11-06 15:21:49,122 - INFO - Клиенту передано разрешение на соединение 
2018-11-06 15:21:49,138 - WARNING - Ошибка в параметрах связи, работоспособность восстановлена 
2018-11-06 15:44:54,456 - INFO - Запуск сервера 
2018-11-06 15:44:56,921 - INFO - Получено сообщение от клиента 
2018-11-06 15:44:56,921 - INFO - Проверка авторизации, соединение разрешено 
2018-11-06 15:44:56,921 - INFO - Клиенту передано разрешение на соединение 
2018-11-06 15:44:56,921 - WARNING - Ошибка в параметрах связи, работоспособность восстановлена 
2018-11-06 15:46:09,270 - INFO - Запуск сервера 
2018-11-06 15:46:11,614 - INFO - Получено сообщение от клиента 
2018-11-06 15:46:11,614 - INFO - Проверка авторизации, соединение разрешено 
2018-11-06 15:46:11,614 - INFO - Клиенту передано разрешение на соединение 
2018-11-06 15:46:11,614 - WARNING - Ошибка в параметрах связи, работоспособность восстановлена 
2018-11-06 15:49:22,829 - INFO - Запуск сервера 
2018-11-06 15:49:25,349 - INFO - Получено сообщение от клиента 
2018-11-06 15:49:25,349 - INFO - Проверка авторизации, соединение разрешено 
2018-11-06 15:49:25,349 - INFO - Клиенту передано разрешение на соединение 
2018-11-06 15:49:25,349 - WARNING - Ошибка в параметрах связи, работоспособность восстановлена 
2018-11-06 15:50:15,360 - INFO - Запуск сервера 
2018-11-06 15:50:18,623 - INFO - Получено сообщение от клиента 
2018-11-06 15:50:18,623 - INFO - Проверка авторизации, соединение разрешено 
2018-11-06 15:50:18,623 - INFO - Клиенту передано разрешение на соединение 
2018-11-06 15:50:18,623 - WARNING - Ошибка в параметрах связи, работоспособность восстановлена 
2018-11-06 15:52:37,741 - INFO - Запуск сервера 
2018-11-06 15:52:40,568 - INFO - Получено сообщение от клиента 
2018-11-06 15:52:40,568 - INFO - Проверка авторизации, соединение разрешено 
2018-11-06 15:52:40,568 - INFO - Клиенту передано разрешение на соединение 
2018-11-06 15:52:40,568 - WARNING - Ошибка в параметрах связи, работоспособность восстановлена 
